{"/home/user/Documents/React/Organic/src/Context/Context.jsx": {"path":"/home/user/Documents/React/Organic/src/Context/Context.jsx","statementMap":{"0":{"start":{"line":4,"column":27},"end":{"line":4,"column":42}},"1":{"start":{"line":8,"column":20},"end":{"line":35,"column":1}},"2":{"start":{"line":9,"column":26},"end":{"line":20,"column":4}},"3":{"start":{"line":23,"column":4},"end":{"line":23,"column":39}},"4":{"start":{"line":23,"column":22},"end":{"line":23,"column":37}},"5":{"start":{"line":26,"column":4},"end":{"line":26,"column":51}},"6":{"start":{"line":26,"column":34},"end":{"line":26,"column":48}},"7":{"start":{"line":28,"column":2},"end":{"line":34,"column":4}}},"fnMap":{"0":{"name":"(anonymous_0)","decl":{"start":{"line":8,"column":20},"end":{"line":8,"column":21}},"loc":{"start":{"line":8,"column":38},"end":{"line":35,"column":1}},"line":8},"1":{"name":"addToCart","decl":{"start":{"line":22,"column":11},"end":{"line":22,"column":20}},"loc":{"start":{"line":22,"column":27},"end":{"line":24,"column":3}},"line":22},"2":{"name":"(anonymous_2)","decl":{"start":{"line":23,"column":12},"end":{"line":23,"column":13}},"loc":{"start":{"line":23,"column":22},"end":{"line":23,"column":37}},"line":23},"3":{"name":"removeFromCart","decl":{"start":{"line":25,"column":11},"end":{"line":25,"column":25}},"loc":{"start":{"line":25,"column":30},"end":{"line":27,"column":3}},"line":25},"4":{"name":"(anonymous_4)","decl":{"start":{"line":26,"column":24},"end":{"line":26,"column":25}},"loc":{"start":{"line":26,"column":34},"end":{"line":26,"column":48}},"line":26}},"branchMap":{},"s":{"0":1,"1":1,"2":0,"3":0,"4":0,"5":0,"6":0,"7":0},"f":{"0":0,"1":0,"2":0,"3":0,"4":0},"b":{},"_coverageSchema":"1a1c01bbd47fc00a2c39e90264f33305004495a9","hash":"b4b84bcd50db233085c74f53744804a25e7d9b16"}
,"/home/user/Documents/React/Organic/src/components/Accordian.jsx": {"path":"/home/user/Documents/React/Organic/src/components/Accordian.jsx","statementMap":{"0":{"start":{"line":10,"column":34},"end":{"line":10,"column":55}},"1":{"start":{"line":12,"column":26},"end":{"line":14,"column":3}},"2":{"start":{"line":13,"column":4},"end":{"line":13,"column":49}},"3":{"start":{"line":13,"column":34},"end":{"line":13,"column":47}},"4":{"start":{"line":16,"column":2},"end":{"line":73,"column":4}}},"fnMap":{"0":{"name":"AccordionTransition","decl":{"start":{"line":9,"column":24},"end":{"line":9,"column":43}},"loc":{"start":{"line":9,"column":46},"end":{"line":74,"column":1}},"line":9},"1":{"name":"(anonymous_1)","decl":{"start":{"line":12,"column":26},"end":{"line":12,"column":27}},"loc":{"start":{"line":12,"column":32},"end":{"line":14,"column":3}},"line":12},"2":{"name":"(anonymous_2)","decl":{"start":{"line":13,"column":16},"end":{"line":13,"column":17}},"loc":{"start":{"line":13,"column":34},"end":{"line":13,"column":47}},"line":13}},"branchMap":{"0":{"loc":{"start":{"line":24,"column":10},"end":{"line":40,"column":15}},"type":"cond-expr","locations":[{"start":{"line":25,"column":14},"end":{"line":32,"column":15}},{"start":{"line":33,"column":14},"end":{"line":40,"column":15}}],"line":24}},"s":{"0":0,"1":0,"2":0,"3":0,"4":0},"f":{"0":0,"1":0,"2":0},"b":{"0":[0,0]},"_coverageSchema":"1a1c01bbd47fc00a2c39e90264f33305004495a9","hash":"534ce72213041426579711da4bcd040b5bb38a74"}
,"/home/user/Documents/React/Organic/src/modules/Contact/Contact.js": {"path":"/home/user/Documents/React/Organic/src/modules/Contact/Contact.js","statementMap":{"0":{"start":{"line":8,"column":16},"end":{"line":54,"column":1}},"1":{"start":{"line":9,"column":15},"end":{"line":9,"column":38}},"2":{"start":{"line":10,"column":15},"end":{"line":10,"column":37}},"3":{"start":{"line":11,"column":16},"end":{"line":11,"column":39}},"4":{"start":{"line":16,"column":2},"end":{"line":53,"column":4}}},"fnMap":{"0":{"name":"(anonymous_0)","decl":{"start":{"line":8,"column":16},"end":{"line":8,"column":17}},"loc":{"start":{"line":8,"column":22},"end":{"line":54,"column":1}},"line":8}},"branchMap":{},"s":{"0":1,"1":0,"2":0,"3":0,"4":0},"f":{"0":0},"b":{},"_coverageSchema":"1a1c01bbd47fc00a2c39e90264f33305004495a9","hash":"080c1742abc945736e210d32fa6fc7e6e6072f15"}
,"/home/user/Documents/React/Organic/src/modules/footer/Footer.js": {"path":"/home/user/Documents/React/Organic/src/modules/footer/Footer.js","statementMap":{"0":{"start":{"line":10,"column":15},"end":{"line":72,"column":1}},"1":{"start":{"line":11,"column":15},"end":{"line":11,"column":38}},"2":{"start":{"line":12,"column":15},"end":{"line":12,"column":39}},"3":{"start":{"line":13,"column":2},"end":{"line":71,"column":4}}},"fnMap":{"0":{"name":"(anonymous_0)","decl":{"start":{"line":10,"column":15},"end":{"line":10,"column":16}},"loc":{"start":{"line":10,"column":21},"end":{"line":72,"column":1}},"line":10}},"branchMap":{},"s":{"0":1,"1":5,"2":4,"3":0},"f":{"0":5},"b":{},"_coverageSchema":"1a1c01bbd47fc00a2c39e90264f33305004495a9","hash":"aa92a92ad628913d6af714e0b79c5094db2136a8"}
,"/home/user/Documents/React/Organic/src/utils/sum.js": {"path":"/home/user/Documents/React/Organic/src/utils/sum.js","statementMap":{"0":{"start":{"line":1,"column":18},"end":{"line":3,"column":1}},"1":{"start":{"line":2,"column":2},"end":{"line":2,"column":12}}},"fnMap":{"0":{"name":"(anonymous_0)","decl":{"start":{"line":1,"column":18},"end":{"line":1,"column":19}},"loc":{"start":{"line":1,"column":25},"end":{"line":3,"column":1}},"line":1}},"branchMap":{},"s":{"0":1,"1":1},"f":{"0":1},"b":{},"_coverageSchema":"1a1c01bbd47fc00a2c39e90264f33305004495a9","hash":"2766bf7f8dd83079fd19f103d13c2f1323f40141"}
}
