TN:
SF:src/Context/Context.jsx
FN:8,(anonymous_0)
FN:22,addToCart
FN:23,(anonymous_2)
FN:25,removeFromCart
FN:26,(anonymous_4)
FNF:5
FNH:0
FNDA:0,(anonymous_0)
FNDA:0,addToCart
FNDA:0,(anonymous_2)
FNDA:0,removeFromCart
FNDA:0,(anonymous_4)
DA:4,1
DA:8,1
DA:9,0
DA:23,0
DA:26,0
DA:28,0
LF:6
LH:2
BRF:0
BRH:0
end_of_record
TN:
SF:src/components/Accordian.jsx
FN:9,AccordionTransition
FN:12,(anonymous_1)
FN:13,(anonymous_2)
FNF:3
FNH:0
FNDA:0,AccordionTransition
FNDA:0,(anonymous_1)
FNDA:0,(anonymous_2)
DA:10,0
DA:12,0
DA:13,0
DA:16,0
LF:4
LH:0
BRDA:24,0,0,0
BRDA:24,0,1,0
BRF:2
BRH:0
end_of_record
TN:
SF:src/modules/Contact/Contact.js
FN:8,(anonymous_0)
FNF:1
FNH:0
FNDA:0,(anonymous_0)
DA:8,1
DA:9,0
DA:10,0
DA:11,0
DA:16,0
LF:5
LH:1
BRF:0
BRH:0
end_of_record
TN:
SF:src/modules/footer/Footer.js
FN:10,(anonymous_0)
FNF:1
FNH:1
FNDA:5,(anonymous_0)
DA:10,1
DA:11,5
DA:12,4
DA:13,0
LF:4
LH:3
BRF:0
BRH:0
end_of_record
TN:
SF:src/utils/sum.js
FN:1,(anonymous_0)
FNF:1
FNH:1
FNDA:1,(anonymous_0)
DA:1,1
DA:2,1
LF:2
LH:2
BRF:0
BRH:0
end_of_record
